============================= test session starts =============================
platform win32 -- Python 3.12.10, pytest-9.0.1, pluggy-1.6.0 -- C:\Users\ARYAN\AppData\Local\Programs\Python\Python312\python.exe
cachedir: .pytest_cache
rootdir: C:\Users\ARYAN\OneDrive\Desktop(1)\team tech\backend
plugins: anyio-4.11.0
collecting ... collected 93 items

tests/test_auth.py::TestRegistration::test_register_success PASSED       [  1%]
tests/test_auth.py::TestRegistration::test_register_duplicate_email PASSED [  2%]
tests/test_auth.py::TestRegistration::test_register_invalid_role PASSED  [  3%]
tests/test_auth.py::TestRegistration::test_register_hospital_without_id PASSED [  4%]
tests/test_auth.py::TestLogin::test_login_success PASSED                 [  5%]
tests/test_auth.py::TestLogin::test_login_wrong_password PASSED          [  6%]
tests/test_auth.py::TestLogin::test_login_nonexistent_user PASSED        [  7%]
tests/test_auth.py::TestLogin::test_login_returns_hospital_id PASSED     [  8%]
tests/test_auth.py::TestProtectedEndpoints::test_dispatch_without_token PASSED [  9%]
tests/test_auth.py::TestProtectedEndpoints::test_cases_without_token PASSED [ 10%]
tests/test_auth.py::TestProtectedEndpoints::test_admin_stats_non_admin PASSED [ 11%]
tests/test_auth.py::TestProtectedEndpoints::test_admin_stats_with_admin PASSED [ 12%]
tests/test_cases.py::TestCaseTimelineEndpoint::test_timeline_empty_before_any_updates PASSED [ 13%]
tests/test_cases.py::TestCaseTimelineEndpoint::test_timeline_returns_events_in_order PASSED [ 15%]
tests/test_cases.py::TestCaseTimelineEndpoint::test_timeline_unauthorized_user_blocked PASSED [ 16%]
tests/test_cases.py::TestCaseStatusUpdateEndpoint::test_valid_linear_transition_succeeds PASSED [ 17%]
tests/test_cases.py::TestCaseStatusUpdateEndpoint::test_invalid_skip_transition_rejected PASSED [ 18%]
tests/test_cases.py::TestCaseStatusUpdateEndpoint::test_backwards_transition_rejected PASSED [ 19%]
tests/test_cases.py::TestCaseStatusUpdateEndpoint::test_cancel_from_any_state_succeeds[status_seq0] PASSED [ 20%]
tests/test_cases.py::TestCaseStatusUpdateEndpoint::test_cancel_from_any_state_succeeds[status_seq1] PASSED [ 21%]
tests/test_cases.py::TestCaseStatusUpdateEndpoint::test_cancel_from_any_state_succeeds[status_seq2] PASSED [ 22%]
tests/test_cases.py::TestCaseStatusUpdateEndpoint::test_cancel_from_any_state_succeeds[status_seq3] PASSED [ 23%]
tests/test_cases.py::TestCaseStatusUpdateEndpoint::test_cancel_from_any_state_succeeds[status_seq4] PASSED [ 24%]
tests/test_cases.py::TestCaseStatusUpdateEndpoint::test_transition_after_terminal_state_blocked PASSED [ 25%]
tests/test_cases.py::TestCaseStatusUpdateEndpoint::test_completed_restores_beds PASSED [ 26%]
tests/test_cases.py::TestCaseStatusUpdateEndpoint::test_cancelled_always_restores_beds PASSED [ 27%]
tests/test_cases.py::TestCaseStatusUpdateEndpoint::test_cancel_mid_route_restores_beds PASSED [ 29%]
tests/test_cases.py::TestCaseStatusUpdateEndpoint::test_double_complete_does_not_double_increment PASSED [ 30%]
tests/test_cases.py::TestCaseStatusUpdateEndpoint::test_wrong_ambulance_cannot_update_status PASSED [ 31%]
tests/test_cases.py::TestCaseStatusUpdateEndpoint::test_wrong_hospital_cannot_update_status PASSED [ 32%]
tests/test_cases.py::TestCaseStatusUpdateEndpoint::test_admin_can_update_any_case_status PASSED [ 33%]
tests/test_dispatch.py::TestDispatchEndpoint::test_dispatch_success PASSED [ 34%]
tests/test_dispatch.py::TestDispatchEndpoint::test_dispatch_non_ambulance_role PASSED [ 35%]
tests/test_dispatch.py::TestDispatchEndpoint::test_dispatch_without_auth PASSED [ 36%]
tests/test_dispatch.py::TestDispatchEndpoint::test_dispatch_missing_condition PASSED [ 37%]
tests/test_dispatch.py::TestDispatchEndpoint::test_dispatch_missing_gps PASSED [ 38%]
tests/test_dispatch.py::TestDispatchEndpoint::test_dispatch_with_optional_fields PASSED [ 39%]
tests/test_dispatch.py::TestDispatchEndpoint::test_dispatch_creates_case PASSED [ 40%]
tests/test_dispatch.py::TestDispatchEndpoint::test_dispatch_response_schema PASSED [ 41%]
tests/test_dispatch.py::TestDispatchEndpoint::test_dispatch_decrements_beds PASSED [ 43%]
tests/test_dispatch.py::TestDispatchEndpoint::test_dispatch_creates_initial_event PASSED [ 44%]
tests/test_dispatch.py::TestDispatchEndpoint::test_dispatch_default_status_is_dispatched PASSED [ 45%]
tests/test_dispatch.py::TestCasesEndpoint::test_cases_empty_for_new_user PASSED [ 46%]
tests/test_dispatch.py::TestCasesEndpoint::test_hospital_cases_non_hospital PASSED [ 47%]
tests/test_dispatch.py::TestHealthEndpoint::test_health_check PASSED     [ 48%]
tests/test_dispatch.py::TestHealthEndpoint::test_root_endpoint PASSED    [ 49%]
tests/test_fcm.py::test_init_firebase_dummy_path PASSED                  [ 50%]
tests/test_fcm.py::test_init_firebase_success PASSED                     [ 51%]
tests/test_fcm.py::test_init_firebase_exception PASSED                   [ 52%]
tests/test_fcm.py::test_send_push_no_token PASSED                        [ 53%]
tests/test_fcm.py::test_send_push_uninitialized PASSED                   [ 54%]
tests/test_fcm.py::test_send_push_success PASSED                         [ 55%]
tests/test_fcm.py::test_send_push_with_data PASSED                       [ 56%]
tests/test_fcm.py::test_send_push_failure_swallowed PASSED               [ 58%]
tests/test_fcm.py::test_arrived_transition_triggers_fcm PASSED           [ 59%]
tests/test_fcm.py::test_arrived_transition_multiple_hospital_tokens PASSED [ 60%]
tests/test_ml_scorer.py::TestLogNormalizeBeds::test_zero_beds PASSED     [ 61%]
tests/test_ml_scorer.py::TestLogNormalizeBeds::test_negative_beds PASSED [ 62%]
tests/test_ml_scorer.py::TestLogNormalizeBeds::test_small_hospital PASSED [ 63%]
tests/test_ml_scorer.py::TestLogNormalizeBeds::test_medium_hospital PASSED [ 64%]
tests/test_ml_scorer.py::TestLogNormalizeBeds::test_large_hospital PASSED [ 65%]
tests/test_ml_scorer.py::TestLogNormalizeBeds::test_normalization_spread PASSED [ 66%]
tests/test_ml_scorer.py::TestLogNormalizeBeds::test_caps_at_one PASSED   [ 67%]
tests/test_ml_scorer.py::TestRuleFallback::test_close_hospital_scores_high PASSED [ 68%]
tests/test_ml_scorer.py::TestRuleFallback::test_far_hospital_scores_low PASSED [ 69%]
tests/test_ml_scorer.py::TestRuleFallback::test_zero_distance PASSED     [ 70%]
tests/test_ml_scorer.py::TestRuleFallback::test_zero_beds_doesnt_crash PASSED [ 72%]
tests/test_ml_scorer.py::TestRuleFallback::test_no_equipment_match PASSED [ 73%]
tests/test_ml_scorer.py::TestRuleFallback::test_extreme_distance PASSED  [ 74%]
tests/test_ml_scorer.py::TestRuleFallback::test_missing_keys_use_defaults PASSED [ 75%]
tests/test_ml_scorer.py::TestSeverityMapping::test_cardiac_arrest_is_critical PASSED [ 76%]
tests/test_ml_scorer.py::TestSeverityMapping::test_stroke_is_critical PASSED [ 77%]
tests/test_ml_scorer.py::TestSeverityMapping::test_fracture_is_minor PASSED [ 78%]
tests/test_ml_scorer.py::TestSeverityMapping::test_burns_is_moderate PASSED [ 79%]
tests/test_ml_scorer.py::TestSeverityMapping::test_unknown_defaults_to_none PASSED [ 80%]
tests/test_ml_scorer.py::TestSpecialistMapping::test_cardiac_maps_to_cardiologist PASSED [ 81%]
tests/test_ml_scorer.py::TestSpecialistMapping::test_stroke_maps_to_neurologist PASSED [ 82%]
tests/test_ml_scorer.py::TestSpecialistMapping::test_trauma_maps_to_surgeon PASSED [ 83%]
tests/test_ml_scorer.py::TestSpecialistMapping::test_unknown_returns_empty PASSED [ 84%]
tests/test_ml_scorer.py::TestHaversine::test_same_point_zero_distance PASSED [ 86%]
tests/test_ml_scorer.py::TestHaversine::test_known_distance PASSED       [ 87%]
tests/test_ml_scorer.py::TestHaversine::test_negative_coordinates PASSED [ 88%]
tests/test_ml_scorer.py::TestHaversine::test_symmetry PASSED             [ 89%]
tests/test_ml_scorer.py::TestPredictBestHospital::test_returns_none_when_no_accepting PASSED [ 90%]
tests/test_ml_scorer.py::TestPredictBestHospital::test_returns_none_when_no_beds PASSED [ 91%]
tests/test_ml_scorer.py::TestPredictBestHospital::test_prefers_closer_hospital_rule_fallback PASSED [ 92%]
tests/test_ml_scorer.py::TestPredictBestHospital::test_single_accepting_hospital_returned PASSED [ 93%]
tests/test_ml_scorer.py::TestPredictBestHospital::test_equipment_matching PASSED [ 94%]
tests/test_ml_scorer.py::TestPredictBestHospital::test_result_contains_required_fields PASSED [ 95%]
tests/test_ml_scorer.py::TestPredictBestHospital::test_specialist_prefilter PASSED [ 96%]
tests/test_ml_scorer.py::TestPredictBestHospital::test_empty_hospital_list PASSED [ 97%]
tests/test_ml_scorer.py::TestPredictBestHospital::test_eta_is_at_least_one_minute PASSED [ 98%]
tests/test_ml_scorer.py::TestPredictBestHospital::test_score_between_zero_and_one PASSED [100%]

============================== warnings summary ===============================
tests/test_cases.py: 570 warnings
tests/test_dispatch.py: 39 warnings
tests/test_fcm.py: 60 warnings
tests/test_ml_scorer.py: 7 warnings
  C:\Users\ARYAN\AppData\Local\Programs\Python\Python312\Lib\site-packages\sklearn\utils\validation.py:2691: UserWarning: X does not have valid feature names, but RandomForestClassifier was fitted with feature names
    warnings.warn(

-- Docs: https://docs.pytest.org/en/stable/how-to/capture-warnings.html
================= 93 passed, 676 warnings in 77.29s (0:01:17) =================
